<?xml version="1.0" encoding="UTF-8"?>
<!-- Generated by org.testng.reporters.JUnitXMLReporter -->
<testsuite ignored="0" hostname="LAPTOP-VARHNTM8" failures="0" tests="1" name="IETest" time="0.055" errors="0" timestamp="2022-11-30T16:16:34 IST">
  <testcase classname="com.mohs10.reuse.grid" name="@BeforeTest launchapp" time="0.008">
    <failure type="java.lang.IllegalArgumentException" message="The Browser Type is Undefined">
      <![CDATA[java.lang.IllegalArgumentException: The Browser Type is Undefined
at com.mohs10.reuse.grid.launchapp(grid.java:66)
at java.base/java.util.concurrent.FutureTask.run(FutureTask.java:264)
at java.base/java.util.concurrent.ThreadPoolExecutor.runWorker(ThreadPoolExecutor.java:1136)
at java.base/java.util.concurrent.ThreadPoolExecutor$Worker.run(ThreadPoolExecutor.java:635)
at java.base/java.lang.Thread.run(Thread.java:833)
... Removed 15 stack frames]]>
    </failure>
  </testcase> <!-- @BeforeTest launchapp -->
  <testcase classname="com.mohs10.reuse.grid" name="@AfterTest closeBrowser" time="-1.669805194804E9">
    <skipped/>
  </testcase> <!-- @AfterTest closeBrowser -->
  <testcase classname="com.mohs10.reuse.grid" name="calculatepercent" time="0.0">
    <skipped/>
  </testcase> <!-- calculatepercent -->
</testsuite> <!-- IETest -->
