<?xml version="1.0" encoding="UTF-8"?>
<testng-results ignored="0" total="3" passed="3" failed="0" skipped="0">
  <reporter-output>
  </reporter-output>
  <suite started-at="2023-02-15T12:11:30 IST" name="Default suite" finished-at="2023-02-15T12:12:08 IST" duration-ms="37627">
    <groups>
    </groups>
    <test started-at="2023-02-15T12:11:30 IST" name="Default test" finished-at="2023-02-15T12:12:08 IST" duration-ms="37627">
      <class name="com.mohs10.scripts.HomeTest">
        <test-method is-config="true" signature="generateReport()[pri:0, instance:com.mohs10.scripts.HomeTest@480d3575]" started-at="2023-02-15T12:11:30 IST" name="generateReport" finished-at="2023-02-15T12:11:31 IST" duration-ms="293" status="PASS">
          <reporter-output>
          </reporter-output>
        </test-method> <!-- generateReport -->
        <test-method is-config="true" signature="methodName(java.lang.reflect.Method)[pri:0, instance:com.mohs10.scripts.HomeTest@480d3575]" started-at="2023-02-15T12:11:31 IST" name="methodName" finished-at="2023-02-15T12:11:31 IST" duration-ms="4" status="PASS">
          <params>
            <param index="0">
              <value>
                <![CDATA[public void com.mohs10.scripts.HomeTest.chrome() throws java.lang.Exception]]>
              </value>
            </param>
          </params>
          <reporter-output>
          </reporter-output>
        </test-method> <!-- methodName -->
        <test-method signature="chrome()[pri:0, instance:com.mohs10.scripts.HomeTest@480d3575]" started-at="2023-02-15T12:11:31 IST" name="chrome" finished-at="2023-02-15T12:11:46 IST" duration-ms="14886" status="PASS">
          <reporter-output>
          </reporter-output>
        </test-method> <!-- chrome -->
        <test-method is-config="true" signature="methodName(java.lang.reflect.Method)[pri:0, instance:com.mohs10.scripts.HomeTest@480d3575]" started-at="2023-02-15T12:11:46 IST" name="methodName" finished-at="2023-02-15T12:11:46 IST" duration-ms="0" status="PASS">
          <params>
            <param index="0">
              <value>
                <![CDATA[public void com.mohs10.scripts.HomeTest.edge() throws java.lang.Exception]]>
              </value>
            </param>
          </params>
          <reporter-output>
          </reporter-output>
        </test-method> <!-- methodName -->
        <test-method signature="edge()[pri:0, instance:com.mohs10.scripts.HomeTest@480d3575]" started-at="2023-02-15T12:11:46 IST" name="edge" finished-at="2023-02-15T12:11:56 IST" duration-ms="10438" status="PASS">
          <reporter-output>
          </reporter-output>
        </test-method> <!-- edge -->
        <test-method is-config="true" signature="methodName(java.lang.reflect.Method)[pri:0, instance:com.mohs10.scripts.HomeTest@480d3575]" started-at="2023-02-15T12:11:56 IST" name="methodName" finished-at="2023-02-15T12:11:56 IST" duration-ms="1" status="PASS">
          <params>
            <param index="0">
              <value>
                <![CDATA[public void com.mohs10.scripts.HomeTest.firefox() throws java.lang.Exception]]>
              </value>
            </param>
          </params>
          <reporter-output>
          </reporter-output>
        </test-method> <!-- methodName -->
        <test-method signature="firefox()[pri:0, instance:com.mohs10.scripts.HomeTest@480d3575]" started-at="2023-02-15T12:11:56 IST" name="firefox" finished-at="2023-02-15T12:12:08 IST" duration-ms="11896" status="PASS">
          <reporter-output>
          </reporter-output>
        </test-method> <!-- firefox -->
        <test-method is-config="true" signature="afterClass()[pri:0, instance:com.mohs10.scripts.HomeTest@480d3575]" started-at="2023-02-15T12:12:08 IST" name="afterClass" finished-at="2023-02-15T12:12:08 IST" duration-ms="70" status="FAIL">
          <exception class="org.openqa.selenium.NoSuchSessionException">
            <message>
              <![CDATA[Tried to run command without establishing a connection
Build info: version: '3.7.1', revision: '8a0099a', time: '2017-11-06T21:01:39.354Z'
System info: host: 'LAPTOP-VARHNTM8', ip: '192.168.1.155', os.name: 'Windows 11', os.arch: 'amd64', os.version: '10.0', java.version: '17.0.4'
Driver info: org.openqa.selenium.firefox.FirefoxDriver
Capabilities {acceptInsecureCerts: true, browserName: firefox, browserVersion: 109.0.1, javascriptEnabled: true, moz:accessibilityChecks: false, moz:buildID: 20230127170202, moz:geckodriverVersion: 0.31.0, moz:headless: false, moz:platformVersion: 10.0, moz:processID: 20380, moz:profile: C:\Users\cdipa\AppData\Loca..., moz:shutdownTimeout: 60000, moz:useNonSpecCompliantPointerOrigin: false, moz:webdriverClick: true, moz:windowless: false, pageLoadStrategy: normal, platform: WINDOWS, platformName: WINDOWS, proxy: Proxy(), setWindowRect: true, strictFileInteractability: false, timeouts: {implicit: 0, pageLoad: 300000, script: 30000}, unhandledPromptBehavior: dismiss and notify}
Session ID: 78c63993-0682-418c-97f7-1ba403617886]]>
            </message>
            <full-stacktrace>
              <![CDATA[org.openqa.selenium.NoSuchSessionException: Tried to run command without establishing a connection
Build info: version: '3.7.1', revision: '8a0099a', time: '2017-11-06T21:01:39.354Z'
System info: host: 'LAPTOP-VARHNTM8', ip: '192.168.1.155', os.name: 'Windows 11', os.arch: 'amd64', os.version: '10.0', java.version: '17.0.4'
Driver info: org.openqa.selenium.firefox.FirefoxDriver
Capabilities {acceptInsecureCerts: true, browserName: firefox, browserVersion: 109.0.1, javascriptEnabled: true, moz:accessibilityChecks: false, moz:buildID: 20230127170202, moz:geckodriverVersion: 0.31.0, moz:headless: false, moz:platformVersion: 10.0, moz:processID: 20380, moz:profile: C:\Users\cdipa\AppData\Loca..., moz:shutdownTimeout: 60000, moz:useNonSpecCompliantPointerOrigin: false, moz:webdriverClick: true, moz:windowless: false, pageLoadStrategy: normal, platform: WINDOWS, platformName: WINDOWS, proxy: Proxy(), setWindowRect: true, strictFileInteractability: false, timeouts: {implicit: 0, pageLoad: 300000, script: 30000}, unhandledPromptBehavior: dismiss and notify}
Session ID: 78c63993-0682-418c-97f7-1ba403617886
at java.base/jdk.internal.reflect.NativeConstructorAccessorImpl.newInstance0(Native Method)
at java.base/jdk.internal.reflect.NativeConstructorAccessorImpl.newInstance(NativeConstructorAccessorImpl.java:77)
at java.base/jdk.internal.reflect.DelegatingConstructorAccessorImpl.newInstance(DelegatingConstructorAccessorImpl.java:45)
at java.base/java.lang.reflect.Constructor.newInstanceWithCaller(Constructor.java:499)
at java.base/java.lang.reflect.Constructor.newInstance(Constructor.java:480)
at org.openqa.selenium.remote.http.W3CHttpResponseCodec.createException(W3CHttpResponseCodec.java:187)
at org.openqa.selenium.remote.http.W3CHttpResponseCodec.decode(W3CHttpResponseCodec.java:122)
at org.openqa.selenium.remote.http.W3CHttpResponseCodec.decode(W3CHttpResponseCodec.java:49)
at org.openqa.selenium.remote.HttpCommandExecutor.execute(HttpCommandExecutor.java:164)
at org.openqa.selenium.remote.service.DriverCommandExecutor.execute(DriverCommandExecutor.java:83)
at org.openqa.selenium.remote.RemoteWebDriver.execute(RemoteWebDriver.java:600)
at org.openqa.selenium.remote.RemoteWebDriver.execute(RemoteWebDriver.java:657)
at org.openqa.selenium.remote.RemoteWebDriver.quit(RemoteWebDriver.java:496)
at com.mohs10.base.StartBrowser.afterClass(StartBrowser.java:125)
at java.base/jdk.internal.reflect.NativeMethodAccessorImpl.invoke0(Native Method)
at java.base/jdk.internal.reflect.NativeMethodAccessorImpl.invoke(NativeMethodAccessorImpl.java:77)
at java.base/jdk.internal.reflect.DelegatingMethodAccessorImpl.invoke(DelegatingMethodAccessorImpl.java:43)
at java.base/java.lang.reflect.Method.invoke(Method.java:568)
at org.testng.internal.MethodInvocationHelper.invokeMethod(MethodInvocationHelper.java:133)
at org.testng.internal.MethodInvocationHelper.invokeMethodConsideringTimeout(MethodInvocationHelper.java:62)
at org.testng.internal.ConfigInvoker.invokeConfigurationMethod(ConfigInvoker.java:385)
at org.testng.internal.ConfigInvoker.invokeConfigurations(ConfigInvoker.java:321)
at org.testng.internal.TestMethodWorker.invokeAfterClassMethods(TestMethodWorker.java:217)
at org.testng.internal.TestMethodWorker.run(TestMethodWorker.java:130)
at java.base/java.util.ArrayList.forEach(ArrayList.java:1511)
at org.testng.TestRunner.privateRun(TestRunner.java:794)
at org.testng.TestRunner.run(TestRunner.java:596)
at org.testng.SuiteRunner.runTest(SuiteRunner.java:377)
at org.testng.SuiteRunner.runSequentially(SuiteRunner.java:371)
at org.testng.SuiteRunner.privateRun(SuiteRunner.java:332)
at org.testng.SuiteRunner.run(SuiteRunner.java:276)
at org.testng.SuiteRunnerWorker.runSuite(SuiteRunnerWorker.java:53)
at org.testng.SuiteRunnerWorker.run(SuiteRunnerWorker.java:96)
at org.testng.TestNG.runSuitesSequentially(TestNG.java:1212)
at org.testng.TestNG.runSuitesLocally(TestNG.java:1134)
at org.testng.TestNG.runSuites(TestNG.java:1063)
at org.testng.TestNG.run(TestNG.java:1031)
at org.testng.remote.AbstractRemoteTestNG.run(AbstractRemoteTestNG.java:115)
at org.testng.remote.RemoteTestNG.initAndRun(RemoteTestNG.java:251)
at org.testng.remote.RemoteTestNG.main(RemoteTestNG.java:77)
]]>
            </full-stacktrace>
          </exception> <!-- org.openqa.selenium.NoSuchSessionException -->
          <reporter-output>
          </reporter-output>
        </test-method> <!-- afterClass -->
      </class> <!-- com.mohs10.scripts.HomeTest -->
    </test> <!-- Default test -->
  </suite> <!-- Default suite -->
</testng-results>
